<?xml version="1.0" encoding="UTF-8"?>
<!-- Generated by org.testng.reporters.JUnitReportReporter -->
<testsuite hostname="Rehan" failures="0" tests="3" name="tls_backend.CreateUser" time="5.335" errors="0" timestamp="2022-09-28T00:15:02 IST" skipped="1">
  <testcase classname="tls_backend.CreateUser" name="login" time="2.195"/>
  <system-out>
    <![CDATA[Login started
Logged in successfully]]>
  </system-out>
  <testcase classname="tls_backend.CreateUser" name="createUser" time="3.140"/>
  <system-out>
    <![CDATA[Creating user started]]>
  </system-out>
  <testcase classname="tls_backend.CreateUser" name="addUserToSubsription">
    <skipped/>
  </testcase> <!-- addUserToSubsription -->
  <system-out/>
</testsuite> <!-- tls_backend.CreateUser -->
