<?xml version="1.0" encoding="UTF-8"?>
<!-- Generated by org.testng.reporters.JUnitReportReporter -->
<testsuite hostname="Rehan" failures="0" tests="1" name="tls_backend.Demo" time="11.871" errors="0" timestamp="2022-10-12T17:25:22 IST" skipped="0">
  <testcase classname="tls_backend.Demo" name="google" time="11.871"/>
  <system-out/>
</testsuite> <!-- tls_backend.Demo -->
